2026-05-30 14:20:58,082 INFO [MPC] horizon=5 top_k=50 gamma=0.99 continuation=greedy scoring=reward episodes=1 threads=0
2026-05-30 14:20:58,082 INFO [MPC] ensemble_dir = /Users/zhouning/arcgis-farmland-mpc/runs/dongxing/prepared/research_neijiang_seed4
2026-05-30 14:20:58,082 INFO [MPC] prepared_dir = /Users/zhouning/arcgis-farmland-mpc/runs/dongxing/prepared
2026-05-30 14:20:58,086 INFO [MPC] Loaded 3 ONNX members: ensemble_member0.onnx, ensemble_member1.onnx, ensemble_member2.onnx
2026-05-30 14:20:58,086 INFO [MPC] Building CountyLevelEnv via blocks_env.make_env (~30-70s data load)...
2026-05-30 14:21:13,075 INFO [MPC] env built in 15.0s; n_blocks=3711, max_steps=100, n_parcels=76377
2026-05-30 14:21:13,075 INFO 
[MPC] === Episode 1/1 (seed=4) ===
2026-05-30 14:21:57,750 INFO     step  10/100 slope=-0.0356% cont=+0.0049 baimu_ha=+77.8 mpc_step=4.35s
2026-05-30 14:22:42,395 INFO     step  20/100 slope=-0.0600% cont=+0.0110 baimu_ha=+204.1 mpc_step=4.46s
2026-05-30 14:23:27,539 INFO     step  30/100 slope=-0.0946% cont=+0.0158 baimu_ha=+283.9 mpc_step=4.52s
2026-05-30 14:24:13,709 INFO     step  40/100 slope=-0.1204% cont=+0.0190 baimu_ha=+330.1 mpc_step=4.57s
2026-05-30 14:24:59,814 INFO     step  50/100 slope=-0.1817% cont=+0.0204 baimu_ha=+310.3 mpc_step=4.57s
2026-05-30 14:25:45,871 INFO     step  60/100 slope=-0.2684% cont=+0.0227 baimu_ha=+279.8 mpc_step=4.58s
2026-05-30 14:26:32,177 INFO     step  70/100 slope=-0.3063% cont=+0.0284 baimu_ha=+337.9 mpc_step=4.57s
2026-05-30 14:27:18,016 INFO     step  80/100 slope=-0.3123% cont=+0.0346 baimu_ha=+453.3 mpc_step=4.56s
2026-05-30 14:28:03,979 INFO     step  90/100 slope=-0.3484% cont=+0.0377 baimu_ha=+486.1 mpc_step=4.57s
2026-05-30 14:28:49,880 INFO     step 100/100 slope=-0.3779% cont=+0.0408 baimu_ha=+529.6 mpc_step=4.57s
2026-05-30 14:28:49,880 INFO [MPC] ep 0: slope=-0.3779% cont=+0.0408 baimu_ha=+529.58 time=456.8s
2026-05-30 14:28:49,880 INFO 
2026-05-30 14:28:49,880 INFO [MPC] ==== Summary ====
2026-05-30 14:28:49,880 INFO   slope: -0.3779% +- 0.0000
2026-05-30 14:28:49,880 INFO   cont : +0.0408
2026-05-30 14:28:49,880 INFO   baimu: +529.58 ha
2026-05-30 14:28:49,880 INFO   outputs written to /Users/zhouning/arcgis-farmland-mpc/paper/repro_artifacts/macos_2026-05-29/dongxing_5seed_RESEARCH_ensembles/seed4
