2026-05-30 21:07:13,672 INFO [MPC] horizon=5 top_k=50 gamma=0.99 continuation=greedy scoring=reward episodes=1 threads=0
2026-05-30 21:07:13,672 INFO [MPC] ensemble_dir = /Users/zhouning/arcgis-farmland-mpc/runs/restoration/synthetic/prepared/ensemble_lam0_seed4
2026-05-30 21:07:13,672 INFO [MPC] prepared_dir = /Users/zhouning/arcgis-farmland-mpc/runs/restoration/synthetic/prepared
2026-05-30 21:07:13,679 INFO [MPC] Loaded 3 ONNX members: ensemble_member0.onnx, ensemble_member1.onnx, ensemble_member2.onnx
2026-05-30 21:07:13,679 INFO [MPC] Building RestorationEnv via restoration_env.make_restoration_env (~1s data load)...
2026-05-30 21:07:13,698 INFO [MPC] env built in 0.0s; n_blocks=420, max_steps=60, n_parcels=420
2026-05-30 21:07:13,698 INFO 
[MPC] === Episode 1/1 (seed=4) ===
2026-05-30 21:07:21,237 INFO     step  10/60 slope=+0.0000% cont=+0.0000 baimu_ha=+0.0 mpc_step=0.75s
2026-05-30 21:07:28,769 INFO     step  20/60 slope=+0.0000% cont=+0.0000 baimu_ha=+0.0 mpc_step=0.84s
2026-05-30 21:07:36,358 INFO     step  30/60 slope=+0.0000% cont=+0.0000 baimu_ha=+0.0 mpc_step=0.69s
2026-05-30 21:07:43,979 INFO     step  40/60 slope=+0.0000% cont=+0.0000 baimu_ha=+0.0 mpc_step=0.75s
2026-05-30 21:07:51,459 INFO     step  50/60 slope=+0.0000% cont=+0.0000 baimu_ha=+0.0 mpc_step=0.71s
2026-05-30 21:07:51,459 INFO [MPC] ep 0: total_reward=+8262.03 n_selected=50 budget_used=45385.3/45434.9 (99.9%) time=37.8s
2026-05-30 21:07:51,460 INFO 
2026-05-30 21:07:51,460 INFO [MPC] ==== Summary ====
2026-05-30 21:07:51,460 INFO   slope: +0.0000% +- 0.0000
2026-05-30 21:07:51,460 INFO   cont : +0.0000
2026-05-30 21:07:51,460 INFO   baimu: +0.00 ha
2026-05-30 21:07:51,460 INFO   outputs written to /Users/zhouning/arcgis-farmland-mpc/runs/restoration/synthetic/5seed_lam0_results/seed4
