2026-05-30 21:04:30,964 INFO [MPC] horizon=5 top_k=50 gamma=0.99 continuation=greedy scoring=reward episodes=1 threads=0
2026-05-30 21:04:30,964 INFO [MPC] ensemble_dir = /Users/zhouning/arcgis-farmland-mpc/runs/restoration/buchanan_va/prepared/ensemble_lam0_seed0
2026-05-30 21:04:30,964 INFO [MPC] prepared_dir = /Users/zhouning/arcgis-farmland-mpc/runs/restoration/buchanan_va/prepared
2026-05-30 21:04:30,981 INFO [MPC] Loaded 3 ONNX members: ensemble_member0.onnx, ensemble_member1.onnx, ensemble_member2.onnx
2026-05-30 21:04:30,981 INFO [MPC] Building RestorationEnv via restoration_env.make_restoration_env (~1s data load)...
2026-05-30 21:04:31,124 INFO [MPC] env built in 0.1s; n_blocks=562, max_steps=50, n_parcels=562
2026-05-30 21:04:31,124 INFO 
[MPC] === Episode 1/1 (seed=0) ===
2026-05-30 21:04:36,774 INFO     step  10/50 slope=+0.0000% cont=+0.0000 baimu_ha=+0.0 mpc_step=0.55s
2026-05-30 21:04:42,257 INFO     step  20/50 slope=+0.0000% cont=+0.0000 baimu_ha=+0.0 mpc_step=0.54s
2026-05-30 21:04:47,719 INFO     step  30/50 slope=+0.0000% cont=+0.0000 baimu_ha=+0.0 mpc_step=0.55s
2026-05-30 21:04:53,229 INFO     step  40/50 slope=+0.0000% cont=+0.0000 baimu_ha=+0.0 mpc_step=0.56s
2026-05-30 21:04:58,796 INFO     step  50/50 slope=+0.0000% cont=+0.0000 baimu_ha=+0.0 mpc_step=0.56s
2026-05-30 21:04:58,797 INFO [MPC] ep 0: total_reward=+229.33 n_selected=50 budget_used=132004.2/200000.0 (66.0%) time=27.7s
2026-05-30 21:04:58,797 INFO 
2026-05-30 21:04:58,797 INFO [MPC] ==== Summary ====
2026-05-30 21:04:58,797 INFO   slope: +0.0000% +- 0.0000
2026-05-30 21:04:58,797 INFO   cont : +0.0000
2026-05-30 21:04:58,797 INFO   baimu: +0.00 ha
2026-05-30 21:04:58,797 INFO   outputs written to /Users/zhouning/arcgis-farmland-mpc/runs/restoration/buchanan_va/5seed_lam0_results/seed0
