2026-05-30 21:06:24,428 INFO [MPC] horizon=5 top_k=50 gamma=0.99 continuation=greedy scoring=reward episodes=1 threads=0
2026-05-30 21:06:24,428 INFO [MPC] ensemble_dir = /Users/zhouning/arcgis-farmland-mpc/runs/restoration/buchanan_va/prepared/ensemble_lam0_seed3
2026-05-30 21:06:24,428 INFO [MPC] prepared_dir = /Users/zhouning/arcgis-farmland-mpc/runs/restoration/buchanan_va/prepared
2026-05-30 21:06:24,438 INFO [MPC] Loaded 3 ONNX members: ensemble_member0.onnx, ensemble_member1.onnx, ensemble_member2.onnx
2026-05-30 21:06:24,438 INFO [MPC] Building RestorationEnv via restoration_env.make_restoration_env (~1s data load)...
2026-05-30 21:06:24,442 INFO [MPC] env built in 0.0s; n_blocks=562, max_steps=50, n_parcels=562
2026-05-30 21:06:24,442 INFO 
[MPC] === Episode 1/1 (seed=3) ===
2026-05-30 21:06:33,643 INFO     step  10/50 slope=+0.0000% cont=+0.0000 baimu_ha=+0.0 mpc_step=0.93s
2026-05-30 21:06:43,027 INFO     step  20/50 slope=+0.0000% cont=+0.0000 baimu_ha=+0.0 mpc_step=0.93s
2026-05-30 21:06:52,373 INFO     step  30/50 slope=+0.0000% cont=+0.0000 baimu_ha=+0.0 mpc_step=0.89s
2026-05-30 21:07:01,834 INFO     step  40/50 slope=+0.0000% cont=+0.0000 baimu_ha=+0.0 mpc_step=0.90s
2026-05-30 21:07:11,786 INFO     step  50/50 slope=+0.0000% cont=+0.0000 baimu_ha=+0.0 mpc_step=1.03s
2026-05-30 21:07:11,786 INFO [MPC] ep 0: total_reward=+229.26 n_selected=50 budget_used=131962.7/200000.0 (66.0%) time=47.3s
2026-05-30 21:07:11,787 INFO 
2026-05-30 21:07:11,787 INFO [MPC] ==== Summary ====
2026-05-30 21:07:11,787 INFO   slope: +0.0000% +- 0.0000
2026-05-30 21:07:11,787 INFO   cont : +0.0000
2026-05-30 21:07:11,787 INFO   baimu: +0.00 ha
2026-05-30 21:07:11,787 INFO   outputs written to /Users/zhouning/arcgis-farmland-mpc/runs/restoration/buchanan_va/5seed_lam0_results/seed3
