2026-05-30 14:13:07,157 INFO [MPC] horizon=5 top_k=50 gamma=0.99 continuation=greedy scoring=reward episodes=1 threads=0
2026-05-30 14:13:07,157 INFO [MPC] ensemble_dir = /Users/zhouning/arcgis-farmland-mpc/runs/dongxing/prepared/research_neijiang_seed3
2026-05-30 14:13:07,157 INFO [MPC] prepared_dir = /Users/zhouning/arcgis-farmland-mpc/runs/dongxing/prepared
2026-05-30 14:13:07,161 INFO [MPC] Loaded 3 ONNX members: ensemble_member0.onnx, ensemble_member1.onnx, ensemble_member2.onnx
2026-05-30 14:13:07,161 INFO [MPC] Building CountyLevelEnv via blocks_env.make_env (~30-70s data load)...
2026-05-30 14:13:22,246 INFO [MPC] env built in 15.1s; n_blocks=3711, max_steps=100, n_parcels=76377
2026-05-30 14:13:22,246 INFO 
[MPC] === Episode 1/1 (seed=3) ===
2026-05-30 14:14:06,964 INFO     step  10/100 slope=-0.0382% cont=+0.0062 baimu_ha=+135.5 mpc_step=4.34s
2026-05-30 14:14:51,121 INFO     step  20/100 slope=-0.0662% cont=+0.0118 baimu_ha=+238.7 mpc_step=4.44s
2026-05-30 14:15:36,021 INFO     step  30/100 slope=-0.1174% cont=+0.0148 baimu_ha=+238.9 mpc_step=4.47s
2026-05-30 14:16:21,580 INFO     step  40/100 slope=-0.1544% cont=+0.0190 baimu_ha=+294.9 mpc_step=4.62s
2026-05-30 14:17:07,393 INFO     step  50/100 slope=-0.1838% cont=+0.0245 baimu_ha=+357.3 mpc_step=4.57s
2026-05-30 14:17:53,502 INFO     step  60/100 slope=-0.2220% cont=+0.0286 baimu_ha=+406.0 mpc_step=4.60s
2026-05-30 14:18:39,435 INFO     step  70/100 slope=-0.2864% cont=+0.0327 baimu_ha=+419.5 mpc_step=4.63s
2026-05-30 14:19:26,027 INFO     step  80/100 slope=-0.3226% cont=+0.0371 baimu_ha=+458.4 mpc_step=4.68s
2026-05-30 14:20:11,865 INFO     step  90/100 slope=-0.4165% cont=+0.0389 baimu_ha=+382.9 mpc_step=4.55s
2026-05-30 14:20:57,861 INFO     step 100/100 slope=-0.4342% cont=+0.0425 baimu_ha=+433.2 mpc_step=4.57s
2026-05-30 14:20:57,861 INFO [MPC] ep 0: slope=-0.4342% cont=+0.0425 baimu_ha=+433.20 time=455.6s
2026-05-30 14:20:57,862 INFO 
2026-05-30 14:20:57,862 INFO [MPC] ==== Summary ====
2026-05-30 14:20:57,862 INFO   slope: -0.4342% +- 0.0000
2026-05-30 14:20:57,862 INFO   cont : +0.0425
2026-05-30 14:20:57,862 INFO   baimu: +433.20 ha
2026-05-30 14:20:57,862 INFO   outputs written to /Users/zhouning/arcgis-farmland-mpc/paper/repro_artifacts/macos_2026-05-29/dongxing_5seed_RESEARCH_ensembles/seed3
