2026-05-30 21:05:40,975 INFO [MPC] horizon=5 top_k=50 gamma=0.99 continuation=greedy scoring=reward episodes=1 threads=0
2026-05-30 21:05:40,975 INFO [MPC] ensemble_dir = /Users/zhouning/arcgis-farmland-mpc/runs/restoration/buchanan_va/prepared/ensemble_lam0_seed2
2026-05-30 21:05:40,975 INFO [MPC] prepared_dir = /Users/zhouning/arcgis-farmland-mpc/runs/restoration/buchanan_va/prepared
2026-05-30 21:05:40,980 INFO [MPC] Loaded 3 ONNX members: ensemble_member0.onnx, ensemble_member1.onnx, ensemble_member2.onnx
2026-05-30 21:05:40,980 INFO [MPC] Building RestorationEnv via restoration_env.make_restoration_env (~1s data load)...
2026-05-30 21:05:40,983 INFO [MPC] env built in 0.0s; n_blocks=562, max_steps=50, n_parcels=562
2026-05-30 21:05:40,983 INFO 
[MPC] === Episode 1/1 (seed=2) ===
2026-05-30 21:05:49,722 INFO     step  10/50 slope=+0.0000% cont=+0.0000 baimu_ha=+0.0 mpc_step=0.82s
2026-05-30 21:05:58,334 INFO     step  20/50 slope=+0.0000% cont=+0.0000 baimu_ha=+0.0 mpc_step=0.87s
2026-05-30 21:06:07,092 INFO     step  30/50 slope=+0.0000% cont=+0.0000 baimu_ha=+0.0 mpc_step=0.82s
2026-05-30 21:06:15,607 INFO     step  40/50 slope=+0.0000% cont=+0.0000 baimu_ha=+0.0 mpc_step=0.85s
2026-05-30 21:06:24,388 INFO     step  50/50 slope=+0.0000% cont=+0.0000 baimu_ha=+0.0 mpc_step=0.86s
2026-05-30 21:06:24,389 INFO [MPC] ep 0: total_reward=+229.29 n_selected=50 budget_used=132013.8/200000.0 (66.0%) time=43.4s
2026-05-30 21:06:24,390 INFO 
2026-05-30 21:06:24,390 INFO [MPC] ==== Summary ====
2026-05-30 21:06:24,391 INFO   slope: +0.0000% +- 0.0000
2026-05-30 21:06:24,391 INFO   cont : +0.0000
2026-05-30 21:06:24,391 INFO   baimu: +0.00 ha
2026-05-30 21:06:24,391 INFO   outputs written to /Users/zhouning/arcgis-farmland-mpc/runs/restoration/buchanan_va/5seed_lam0_results/seed2
