2026-05-30 19:47:23,503 INFO [MPC] horizon=5 top_k=50 gamma=0.99 continuation=greedy scoring=reward episodes=1 threads=0
2026-05-30 19:47:23,503 INFO [MPC] ensemble_dir = /Users/zhouning/arcgis-farmland-mpc/runs/restoration/synthetic/prepared/ensemble_seed3
2026-05-30 19:47:23,503 INFO [MPC] prepared_dir = /Users/zhouning/arcgis-farmland-mpc/runs/restoration/synthetic/prepared
2026-05-30 19:47:23,508 INFO [MPC] Loaded 3 ONNX members: ensemble_member0.onnx, ensemble_member1.onnx, ensemble_member2.onnx
2026-05-30 19:47:23,508 INFO [MPC] Building RestorationEnv via restoration_env.make_restoration_env (~1s data load)...
2026-05-30 19:47:23,516 INFO [MPC] env built in 0.0s; n_blocks=420, max_steps=60, n_parcels=420
2026-05-30 19:47:23,516 INFO 
[MPC] === Episode 1/1 (seed=3) ===
2026-05-30 19:47:30,614 INFO     step  10/60 slope=+0.0000% cont=+0.0000 baimu_ha=+0.0 mpc_step=0.65s
2026-05-30 19:47:36,506 INFO     step  20/60 slope=+0.0000% cont=+0.0000 baimu_ha=+0.0 mpc_step=0.44s
2026-05-30 19:47:40,990 INFO     step  30/60 slope=+0.0000% cont=+0.0000 baimu_ha=+0.0 mpc_step=0.45s
2026-05-30 19:47:45,428 INFO     step  40/60 slope=+0.0000% cont=+0.0000 baimu_ha=+0.0 mpc_step=0.44s
2026-05-30 19:47:49,584 INFO     step  50/60 slope=+0.0000% cont=+0.0000 baimu_ha=+0.0 mpc_step=0.15s
2026-05-30 19:47:49,584 INFO [MPC] ep 0: total_reward=+8243.73 n_selected=50 budget_used=45431.5/45434.9 (100.0%) time=26.1s
2026-05-30 19:47:49,584 INFO 
2026-05-30 19:47:49,584 INFO [MPC] ==== Summary ====
2026-05-30 19:47:49,584 INFO   slope: +0.0000% +- 0.0000
2026-05-30 19:47:49,584 INFO   cont : +0.0000
2026-05-30 19:47:49,584 INFO   baimu: +0.00 ha
2026-05-30 19:47:49,584 INFO   outputs written to /Users/zhouning/arcgis-farmland-mpc/runs/restoration/synthetic/5seed_results/seed3
