2026-05-30 19:46:49,152 INFO [MPC] horizon=5 top_k=50 gamma=0.99 continuation=greedy scoring=reward episodes=1 threads=0
2026-05-30 19:46:49,152 INFO [MPC] ensemble_dir = runs/restoration/synthetic/prepared/ensemble_lam0
2026-05-30 19:46:49,152 INFO [MPC] prepared_dir = runs/restoration/synthetic/prepared
2026-05-30 19:46:49,177 INFO [MPC] Loaded 3 ONNX members: ensemble_member0.onnx, ensemble_member1.onnx, ensemble_member2.onnx
2026-05-30 19:46:49,178 INFO [MPC] Building RestorationEnv via restoration_env.make_restoration_env (~1s data load)...
2026-05-30 19:46:49,426 INFO [MPC] env built in 0.2s; n_blocks=420, max_steps=60, n_parcels=420
2026-05-30 19:46:49,426 INFO 
[MPC] === Episode 1/1 (seed=0) ===
2026-05-30 19:46:59,914 INFO     step  10/60 slope=+0.0000% cont=+0.0000 baimu_ha=+0.0 mpc_step=1.08s
2026-05-30 19:47:10,455 INFO     step  20/60 slope=+0.0000% cont=+0.0000 baimu_ha=+0.0 mpc_step=1.18s
2026-05-30 19:47:20,857 INFO     step  30/60 slope=+0.0000% cont=+0.0000 baimu_ha=+0.0 mpc_step=0.80s
2026-05-30 19:47:27,779 INFO     step  40/60 slope=+0.0000% cont=+0.0000 baimu_ha=+0.0 mpc_step=0.69s
2026-05-30 19:47:34,603 INFO     step  50/60 slope=+0.0000% cont=+0.0000 baimu_ha=+0.0 mpc_step=0.69s
2026-05-30 19:47:34,603 INFO [MPC] ep 0: total_reward=+8245.16 n_selected=50 budget_used=45420.3/45434.9 (100.0%) time=45.2s
2026-05-30 19:47:34,604 INFO 
2026-05-30 19:47:34,604 INFO [MPC] ==== Summary ====
2026-05-30 19:47:34,604 INFO   slope: +0.0000% +- 0.0000
2026-05-30 19:47:34,604 INFO   cont : +0.0000
2026-05-30 19:47:34,604 INFO   baimu: +0.00 ha
2026-05-30 19:47:34,604 INFO   outputs written to runs/restoration/synthetic/plan_lam0
